# JRE version: Java(TM) SE Runtime Environment (8.0_74-b02) (build 1.8.0_74-b02)
# Java VM: Java HotSpot(TM) 64-Bit Server VM (25.74-b02 mixed mode linux-amd64 compressed oops)
Heap:
 def new generation   total 6272K, used 3360K [0x00000000ec800000, 0x00000000ecec0000, 0x00000000f3000000)
  eden space 5632K,  48% used [0x00000000ec800000, 0x00000000ecaa8378, 0x00000000ecd80000)
  from space 640K, 100% used [0x00000000ece20000, 0x00000000ecec0000, 0x00000000ecec0000)
  to   space 640K,   0% used [0x00000000ecd80000, 0x00000000ecd80000, 0x00000000ece20000)
 tenured generation   total 13696K, used 6119K [0x00000000f3000000, 0x00000000f3d60000, 0x0000000100000000)
   the space 13696K,  44% used [0x00000000f3000000, 0x00000000f35f9e20, 0x00000000f35fa000, 0x00000000f3d60000)
 Metaspace       used 22041K, capacity 22174K, committed 22400K, reserved 1069056K
  class space    used 3091K, capacity 3135K, committed 3200K, reserved 1048576K
GC Heap History (10 events):
Event: 3,999 GC heap before
{Heap before GC invocations=21 (full 0):
 def new generation   total 6144K, used 5993K [0x00000000ec800000, 0x00000000ecea0000, 0x00000000f3000000)
  eden space 5504K, 100% used [0x00000000ec800000, 0x00000000ecd60000, 0x00000000ecd60000)
  from space 640K,  76% used [0x00000000ece00000, 0x00000000ece7a5d8, 0x00000000ecea0000)
  to   space 640K,   0% used [0x00000000ecd60000, 0x00000000ecd60000, 0x00000000ece00000)
 tenured generation   total 13696K, used 6225K [0x00000000f3000000, 0x00000000f3d60000, 0x0000000100000000)
   the space 13696K,  45% used [0x00000000f3000000, 0x00000000f36147d8, 0x00000000f3614800, 0x00000000f3d60000)
 Metaspace       used 18512K, capacity 18590K, committed 18816K, reserved 1064960K
  class space    used 2668K, capacity 2687K, committed 2688K, reserved 1048576K
Event: 4,003 GC heap after
Heap after GC invocations=22 (full 0):
 def new generation   total 6144K, used 373K [0x00000000ec800000, 0x00000000ecea0000, 0x00000000f3000000)
  eden space 5504K,   0% used [0x00000000ec800000, 0x00000000ec800000, 0x00000000ecd60000)
  from space 640K,  58% used [0x00000000ecd60000, 0x00000000ecdbd5d8, 0x00000000ece00000)
  to   space 640K,   0% used [0x00000000ece00000, 0x00000000ece00000, 0x00000000ecea0000)
 tenured generation   total 13696K, used 6399K [0x00000000f3000000, 0x00000000f3d60000, 0x0000000100000000)
   the space 13696K,  46% used [0x00000000f3000000, 0x00000000f363ffc8, 0x00000000f3640000, 0x00000000f3d60000)
 Metaspace       used 18512K, capacity 18590K, committed 18816K, reserved 1064960K
  class space    used 2668K, capacity 2687K, committed 2688K, reserved 1048576K
}
Event: 4,124 GC heap before
{Heap before GC invocations=22 (full 0):
 def new generation   total 6144K, used 5877K [0x00000000ec800000, 0x00000000ecea0000, 0x00000000f3000000)
  eden space 5504K, 100% used [0x00000000ec800000, 0x00000000ecd60000, 0x00000000ecd60000)
  from space 640K,  58% used [0x00000000ecd60000, 0x00000000ecdbd5d8, 0x00000000ece00000)
  to   space 640K,   0% used [0x00000000ece00000, 0x00000000ece00000, 0x00000000ecea0000)
 tenured generation   total 13696K, used 6399K [0x00000000f3000000, 0x00000000f3d60000, 0x0000000100000000)
   the space 13696K,  46% used [0x00000000f3000000, 0x00000000f363ffc8, 0x00000000f3640000, 0x00000000f3d60000)
 Metaspace       used 19201K, capacity 19326K, committed 19584K, reserved 1067008K
  class space    used 2793K, capacity 2847K, committed 2944K, reserved 1048576K
Event: 4,128 GC heap after
Heap after GC invocations=23 (full 0):
 def new generation   total 6144K, used 617K [0x00000000ec800000, 0x00000000ecea0000, 0x00000000f3000000)
  eden space 5504K,   0% used [0x00000000ec800000, 0x00000000ec800000, 0x00000000ecd60000)
  from space 640K,  96% used [0x00000000ece00000, 0x00000000ece9a4f8, 0x00000000ecea0000)
  to   space 640K,   0% used [0x00000000ecd60000, 0x00000000ecd60000, 0x00000000ece00000)
 tenured generation   total 13696K, used 6641K [0x00000000f3000000, 0x00000000f3d60000, 0x0000000100000000)
   the space 13696K,  48% used [0x00000000f3000000, 0x00000000f367c788, 0x00000000f367c800, 0x00000000f3d60000)
 Metaspace       used 19201K, capacity 19326K, committed 19584K, reserved 1067008K
  class space    used 2793K, capacity 2847K, committed 2944K, reserved 1048576K
}
Event: 4,343 GC heap before
{Heap before GC invocations=23 (full 0):
 def new generation   total 6144K, used 6121K [0x00000000ec800000, 0x00000000ecea0000, 0x00000000f3000000)
  eden space 5504K, 100% used [0x00000000ec800000, 0x00000000ecd60000, 0x00000000ecd60000)
  from space 640K,  96% used [0x00000000ece00000, 0x00000000ece9a4f8, 0x00000000ecea0000)
  to   space 640K,   0% used [0x00000000ecd60000, 0x00000000ecd60000, 0x00000000ece00000)
 tenured generation   total 13696K, used 6641K [0x00000000f3000000, 0x00000000f3d60000, 0x0000000100000000)
   the space 13696K,  48% used [0x00000000f3000000, 0x00000000f367c788, 0x00000000f367c800, 0x00000000f3d60000)
 Metaspace       used 20374K, capacity 20510K, committed 20608K, reserved 1067008K
  class space    used 2899K, capacity 2943K, committed 2944K, reserved 1048576K
Event: 4,347 GC heap after
Heap after GC invocations=24 (full 0):
 def new generation   total 6144K, used 639K [0x00000000ec800000, 0x00000000ecea0000, 0x00000000f3000000)
  eden space 5504K,   0% used [0x00000000ec800000, 0x00000000ec800000, 0x00000000ecd60000)
  from space 640K,  99% used [0x00000000ecd60000, 0x00000000ecdffff8, 0x00000000ece00000)
  to   space 640K,   0% used [0x00000000ece00000, 0x00000000ece00000, 0x00000000ecea0000)
 tenured generation   total 13696K, used 6889K [0x00000000f3000000, 0x00000000f3d60000, 0x0000000100000000)
   the space 13696K,  50% used [0x00000000f3000000, 0x00000000f36ba500, 0x00000000f36ba600, 0x00000000f3d60000)
 Metaspace       used 20374K, capacity 20510K, committed 20608K, reserved 1067008K
  class space    used 2899K, capacity 2943K, committed 2944K, reserved 1048576K
}
Event: 4,439 GC heap before
{Heap before GC invocations=24 (full 0):
 def new generation   total 6144K, used 4806K [0x00000000ec800000, 0x00000000ecea0000, 0x00000000f3000000)
  eden space 5504K,  75% used [0x00000000ec800000, 0x00000000ecc119f8, 0x00000000ecd60000)
  from space 640K,  99% used [0x00000000ecd60000, 0x00000000ecdffff8, 0x00000000ece00000)
  to   space 640K,   0% used [0x00000000ece00000, 0x00000000ece00000, 0x00000000ecea0000)
 tenured generation   total 13696K, used 6889K [0x00000000f3000000, 0x00000000f3d60000, 0x0000000100000000)
   the space 13696K,  50% used [0x00000000f3000000, 0x00000000f36ba500, 0x00000000f36ba600, 0x00000000f3d60000)
 Metaspace       used 20941K, capacity 21086K, committed 21248K, reserved 1067008K
  class space    used 2961K, capacity 3007K, committed 3072K, reserved 1048576K
Event: 4,465 GC heap after
Heap after GC invocations=25 (full 1):
 def new generation   total 6272K, used 0K [0x00000000ec800000, 0x00000000ecec0000, 0x00000000f3000000)
  eden space 5632K,   0% used [0x00000000ec800000, 0x00000000ec800000, 0x00000000ecd80000)
  from space 640K,   0% used [0x00000000ecd80000, 0x00000000ecd80000, 0x00000000ece20000)
  to   space 640K,   0% used [0x00000000ece20000, 0x00000000ece20000, 0x00000000ecec0000)
 tenured generation   total 13696K, used 5977K [0x00000000f3000000, 0x00000000f3d60000, 0x0000000100000000)
   the space 13696K,  43% used [0x00000000f3000000, 0x00000000f35d6400, 0x00000000f35d6400, 0x00000000f3d60000)
 Metaspace       used 20941K, capacity 21086K, committed 21248K, reserved 1067008K
  class space    used 2961K, capacity 3007K, committed 3072K, reserved 1048576K
}
Event: 4,602 GC heap before
{Heap before GC invocations=25 (full 1):
 def new generation   total 6272K, used 5632K [0x00000000ec800000, 0x00000000ecec0000, 0x00000000f3000000)
  eden space 5632K, 100% used [0x00000000ec800000, 0x00000000ecd80000, 0x00000000ecd80000)
  from space 640K,   0% used [0x00000000ecd80000, 0x00000000ecd80000, 0x00000000ece20000)
  to   space 640K,   0% used [0x00000000ece20000, 0x00000000ece20000, 0x00000000ecec0000)
 tenured generation   total 13696K, used 5977K [0x00000000f3000000, 0x00000000f3d60000, 0x0000000100000000)
   the space 13696K,  43% used [0x00000000f3000000, 0x00000000f35d6400, 0x00000000f35d6400, 0x00000000f3d60000)
 Metaspace       used 21813K, capacity 21950K, committed 22144K, reserved 1069056K
  class space    used 3063K, capacity 3103K, committed 3200K, reserved 1048576K
Event: 4,604 GC heap after
Heap after GC invocations=26 (full 1):
 def new generation   total 6272K, used 640K [0x00000000ec800000, 0x00000000ecec0000, 0x00000000f3000000)
  eden space 5632K,   0% used [0x00000000ec800000, 0x00000000ec800000, 0x00000000ecd80000)
  from space 640K, 100% used [0x00000000ece20000, 0x00000000ecec0000, 0x00000000ecec0000)
  to   space 640K,   0% used [0x00000000ecd80000, 0x00000000ecd80000, 0x00000000ece20000)
 tenured generation   total 13696K, used 6119K [0x00000000f3000000, 0x00000000f3d60000, 0x0000000100000000)
   the space 13696K,  44% used [0x00000000f3000000, 0x00000000f35f9e20, 0x00000000f35fa000, 0x00000000f3d60000)
 Metaspace       used 21813K, capacity 21950K, committed 22144K, reserved 1069056K
  class space    used 3063K, capacity 3103K, committed 3200K, reserved 1048576K
}

